Построение начато 12.03.2015 20:08:45.
     1>Проект "C:\Users\Марат\Documents\Visual Studio 2012\Projects\НейроныXOR\НейроныXOR\НейроныXOR.vcxproj" в узле 2 (целевые объекты Build).
     1>InitializeBuildStatus:
         Создание "Debug\НейроныXOR.unsuccessfulbuild", так как было задано "AlwaysCreate".
       ClCompile:
         Для всех выходных данных обновления не требуется.
         C:\Program Files (x86)\Microsoft Visual Studio 11.0\VC\bin\CL.exe /c /ZI /nologo /W3 /WX- /sdl /Od /Oy- /D WIN32 /D _DEBUG /D _CONSOLE /D _UNICODE /D UNICODE /Gm /EHsc /RTC1 /MDd /GS /fp:precise /Zc:wchar_t /Zc:forScope /Yu"stdafx.h" /Fp"Debug\НейроныXOR.pch" /Fo"Debug\\" /Fd"Debug\vc110.pdb" /Gd /TP /analyze- /errorReport:prompt "НейроныXOR.cpp"
         НейроныXOR.cpp
       Link:
         C:\Program Files (x86)\Microsoft Visual Studio 11.0\VC\bin\link.exe /ERRORREPORT:PROMPT /OUT:"C:\Users\Марат\Documents\Visual Studio 2012\Projects\НейроныXOR\Debug\НейроныXOR.exe" /INCREMENTAL /NOLOGO kernel32.lib user32.lib gdi32.lib winspool.lib comdlg32.lib advapi32.lib shell32.lib ole32.lib oleaut32.lib uuid.lib odbc32.lib odbccp32.lib /MANIFEST /MANIFESTUAC:"level='asInvoker' uiAccess='false'" /manifest:embed /DEBUG /PDB:"C:\Users\Марат\Documents\Visual Studio 2012\Projects\НейроныXOR\Debug\НейроныXOR.pdb" /SUBSYSTEM:CONSOLE /TLBID:1 /DYNAMICBASE /NXCOMPAT /IMPLIB:"C:\Users\Марат\Documents\Visual Studio 2012\Projects\НейроныXOR\Debug\НейроныXOR.lib" /MACHINE:X86 Debug\INeiron.obj
         Debug\Internal_Neiron.obj
         Debug\In_Neiron.obj
         Debug\Layer.obj
         Debug\Neiron_Net.obj
         Debug\stdafx.obj
         "Debug\НейроныXOR.obj"
         НейроныXOR.vcxproj -> C:\Users\Марат\Documents\Visual Studio 2012\Projects\НейроныXOR\Debug\НейроныXOR.exe
       FinalizeBuildStatus:
         Файл "Debug\НейроныXOR.unsuccessfulbuild" удаляется.
         Обращение к "Debug\НейроныXOR.lastbuildstate".
     1>Построение проекта "C:\Users\Марат\Documents\Visual Studio 2012\Projects\НейроныXOR\НейроныXOR\НейроныXOR.vcxproj" завершено (целевые объекты Build).

Построение успешно завершено.

Затраченное время: 00:00:00.88
